# JRE version: OpenJDK Runtime Environment (8.0_242-b01) (build 1.8.0_242-release-1644-b01)
# Java VM: OpenJDK 64-Bit Server VM (25.242-b01 mixed mode windows-amd64 compressed oops)
Heap:
 PSYoungGen      total 205312K, used 63919K [0x00000000d5580000, 0x00000000e3900000, 0x0000000100000000)
  eden space 196096K, 27% used [0x00000000d5580000,0x00000000d8aff150,0x00000000e1500000)
  from space 9216K, 99% used [0x00000000e3000000,0x00000000e38ece58,0x00000000e3900000)
  to   space 14336K, 0% used [0x00000000e1d00000,0x00000000e1d00000,0x00000000e2b00000)
 ParOldGen       total 80384K, used 17894K [0x0000000080000000, 0x0000000084e80000, 0x00000000d5580000)
  object space 80384K, 22% used [0x0000000080000000,0x0000000081179aa8,0x0000000084e80000)
 Metaspace       used 45566K, capacity 47338K, committed 47528K, reserved 1089536K
  class space    used 6138K, capacity 6475K, committed 6576K, reserved 1048576K
GC Heap History (10 events):
Event: 12.211 GC heap before
{Heap before GC invocations=6 (full 1):
 PSYoungGen      total 70656K, used 5092K [0x00000000d5580000, 0x00000000dee80000, 0x0000000100000000)
  eden space 65536K, 0% used [0x00000000d5580000,0x00000000d5580000,0x00000000d9580000)
  from space 5120K, 99% used [0x00000000d9580000,0x00000000d9a79050,0x00000000d9a80000)
  to   space 12800K, 0% used [0x00000000de200000,0x00000000de200000,0x00000000dee80000)
 ParOldGen       total 86016K, used 10924K [0x0000000080000000, 0x0000000085400000, 0x00000000d5580000)
  object space 86016K, 12% used [0x0000000080000000,0x0000000080aab0f8,0x0000000085400000)
 Metaspace       used 20613K, capacity 21224K, committed 21296K, reserved 1067008K
  class space    used 2873K, capacity 3076K, committed 3120K, reserved 1048576K
Event: 12.308 GC heap after
Heap after GC invocations=6 (full 1):
 PSYoungGen      total 70656K, used 0K [0x00000000d5580000, 0x00000000dee80000, 0x0000000100000000)
  eden space 65536K, 0% used [0x00000000d5580000,0x00000000d5580000,0x00000000d9580000)
  from space 5120K, 0% used [0x00000000d9580000,0x00000000d9580000,0x00000000d9a80000)
  to   space 12800K, 0% used [0x00000000de200000,0x00000000de200000,0x00000000dee80000)
 ParOldGen       total 58368K, used 11624K [0x0000000080000000, 0x0000000083900000, 0x00000000d5580000)
  object space 58368K, 19% used [0x0000000080000000,0x0000000080b5a100,0x0000000083900000)
 Metaspace       used 20613K, capacity 21224K, committed 21296K, reserved 1067008K
  class space    used 2873K, capacity 3076K, committed 3120K, reserved 1048576K
}
Event: 14.761 GC heap before
{Heap before GC invocations=7 (full 1):
 PSYoungGen      total 70656K, used 65536K [0x00000000d5580000, 0x00000000dee80000, 0x0000000100000000)
  eden space 65536K, 100% used [0x00000000d5580000,0x00000000d9580000,0x00000000d9580000)
  from space 5120K, 0% used [0x00000000d9580000,0x00000000d9580000,0x00000000d9a80000)
  to   space 12800K, 0% used [0x00000000de200000,0x00000000de200000,0x00000000dee80000)
 ParOldGen       total 58368K, used 11624K [0x0000000080000000, 0x0000000083900000, 0x00000000d5580000)
  object space 58368K, 19% used [0x0000000080000000,0x0000000080b5a100,0x0000000083900000)
 Metaspace       used 28638K, capacity 29508K, committed 29616K, reserved 1075200K
  class space    used 3961K, capacity 4188K, committed 4272K, reserved 1048576K
Event: 14.839 GC heap after
Heap after GC invocations=7 (full 1):
 PSYoungGen      total 126976K, used 8219K [0x00000000d5580000, 0x00000000dea80000, 0x0000000100000000)
  eden space 118272K, 0% used [0x00000000d5580000,0x00000000d5580000,0x00000000dc900000)
  from space 8704K, 94% used [0x00000000de200000,0x00000000dea06d10,0x00000000dea80000)
  to   space 12800K, 0% used [0x00000000dd180000,0x00000000dd180000,0x00000000dde00000)
 ParOldGen       total 58368K, used 11632K [0x0000000080000000, 0x0000000083900000, 0x00000000d5580000)
  object space 58368K, 19% used [0x0000000080000000,0x0000000080b5c100,0x0000000083900000)
 Metaspace       used 28638K, capacity 29508K, committed 29616K, reserved 1075200K
  class space    used 3961K, capacity 4188K, committed 4272K, reserved 1048576K
}
Event: 21.632 GC heap before
{Heap before GC invocations=8 (full 1):
 PSYoungGen      total 126976K, used 109528K [0x00000000d5580000, 0x00000000dea80000, 0x0000000100000000)
  eden space 118272K, 85% used [0x00000000d5580000,0x00000000db86f690,0x00000000dc900000)
  from space 8704K, 94% used [0x00000000de200000,0x00000000dea06d10,0x00000000dea80000)
  to   space 12800K, 0% used [0x00000000dd180000,0x00000000dd180000,0x00000000dde00000)
 ParOldGen       total 58368K, used 11632K [0x0000000080000000, 0x0000000083900000, 0x00000000d5580000)
  object space 58368K, 19% used [0x0000000080000000,0x0000000080b5c100,0x0000000083900000)
 Metaspace       used 34331K, capacity 35412K, committed 35496K, reserved 1079296K
  class space    used 4718K, capacity 5001K, committed 5040K, reserved 1048576K
Event: 21.685 GC heap after
Heap after GC invocations=8 (full 1):
 PSYoungGen      total 139776K, used 11656K [0x00000000d5580000, 0x00000000e3e00000, 0x0000000100000000)
  eden space 126976K, 0% used [0x00000000d5580000,0x00000000d5580000,0x00000000dd180000)
  from space 12800K, 91% used [0x00000000dd180000,0x00000000ddce2238,0x00000000dde00000)
  to   space 14336K, 0% used [0x00000000e3000000,0x00000000e3000000,0x00000000e3e00000)
 ParOldGen       total 58368K, used 11640K [0x0000000080000000, 0x0000000083900000, 0x00000000d5580000)
  object space 58368K, 19% used [0x0000000080000000,0x0000000080b5e100,0x0000000083900000)
 Metaspace       used 34331K, capacity 35412K, committed 35496K, reserved 1079296K
  class space    used 4718K, capacity 5001K, committed 5040K, reserved 1048576K
}
Event: 21.685 GC heap before
{Heap before GC invocations=9 (full 2):
 PSYoungGen      total 139776K, used 11656K [0x00000000d5580000, 0x00000000e3e00000, 0x0000000100000000)
  eden space 126976K, 0% used [0x00000000d5580000,0x00000000d5580000,0x00000000dd180000)
  from space 12800K, 91% used [0x00000000dd180000,0x00000000ddce2238,0x00000000dde00000)
  to   space 14336K, 0% used [0x00000000e3000000,0x00000000e3000000,0x00000000e3e00000)
 ParOldGen       total 58368K, used 11640K [0x0000000080000000, 0x0000000083900000, 0x00000000d5580000)
  object space 58368K, 19% used [0x0000000080000000,0x0000000080b5e100,0x0000000083900000)
 Metaspace       used 34331K, capacity 35412K, committed 35496K, reserved 1079296K
  class space    used 4718K, capacity 5001K, committed 5040K, reserved 1048576K
Event: 21.962 GC heap after
Heap after GC invocations=9 (full 2):
 PSYoungGen      total 139776K, used 0K [0x00000000d5580000, 0x00000000e3e00000, 0x0000000100000000)
  eden space 126976K, 0% used [0x00000000d5580000,0x00000000d5580000,0x00000000dd180000)
  from space 12800K, 0% used [0x00000000dd180000,0x00000000dd180000,0x00000000dde00000)
  to   space 14336K, 0% used [0x00000000e3000000,0x00000000e3000000,0x00000000e3e00000)
 ParOldGen       total 80384K, used 17886K [0x0000000080000000, 0x0000000084e80000, 0x00000000d5580000)
  object space 80384K, 22% used [0x0000000080000000,0x0000000081177aa8,0x0000000084e80000)
 Metaspace       used 34331K, capacity 35412K, committed 35496K, reserved 1079296K
  class space    used 4718K, capacity 5001K, committed 5040K, reserved 1048576K
}
Event: 74.096 GC heap before
{Heap before GC invocations=10 (full 2):
 PSYoungGen      total 139776K, used 126976K [0x00000000d5580000, 0x00000000e3e00000, 0x0000000100000000)
  eden space 126976K, 100% used [0x00000000d5580000,0x00000000dd180000,0x00000000dd180000)
  from space 12800K, 0% used [0x00000000dd180000,0x00000000dd180000,0x00000000dde00000)
  to   space 14336K, 0% used [0x00000000e3000000,0x00000000e3000000,0x00000000e3e00000)
 ParOldGen       total 80384K, used 17886K [0x0000000080000000, 0x0000000084e80000, 0x00000000d5580000)
  object space 80384K, 22% used [0x0000000080000000,0x0000000081177aa8,0x0000000084e80000)
 Metaspace       used 39797K, capacity 41554K, committed 41768K, reserved 1085440K
  class space    used 5465K, capacity 5839K, committed 5936K, reserved 1048576K
Event: 74.469 GC heap after
Heap after GC invocations=10 (full 2):
 PSYoungGen      total 205312K, used 9139K [0x00000000d5580000, 0x00000000e3900000, 0x0000000100000000)
  eden space 196096K, 0% used [0x00000000d5580000,0x00000000d5580000,0x00000000e1500000)
  from space 9216K, 99% used [0x00000000e3000000,0x00000000e38ece58,0x00000000e3900000)
  to   space 14336K, 0% used [0x00000000e1d00000,0x00000000e1d00000,0x00000000e2b00000)
 ParOldGen       total 80384K, used 17894K [0x0000000080000000, 0x0000000084e80000, 0x00000000d5580000)
  object space 80384K, 22% used [0x0000000080000000,0x0000000081179aa8,0x0000000084e80000)
 Metaspace       used 39797K, capacity 41554K, committed 41768K, reserved 1085440K
  class space    used 5465K, capacity 5839K, committed 5936K, reserved 1048576K
}

